Using pre-set license
Built from '2020.2/release' branch; Version is '2020.2.1f1 (270dd8c3da1c) revision 2559448'; Using compiler version '192528614'; Build Type 'Release'
OS: 'Windows 10  (10.0.0) 64bit' Language: 'en' Physical Memory: 16333 MB
BatchMode: 1, IsHumanControllingUs: 0, StartBugReporterOnCrash: 0, Is64bit: 1, IsPro: 0

 COMMAND LINE ARGUMENTS:
C:\Program Files\Unity\Hub\Editor\2020.2.1f1\Editor\Unity.exe
-adb2
-batchMode
-noUpm
-name
AssetImportWorker0
-projectPath
C:/Users/BEAST/Documents/GitHub/Coco code
-logFile
Logs/AssetImportWorker0.log
-srvPort
58634
Successfully changed project path to: C:/Users/BEAST/Documents/GitHub/Coco code
C:/Users/BEAST/Documents/GitHub/Coco code
Using Asset Import Pipeline V2.
Refreshing native plugins compatible for Editor in 23.38 ms, found 0 plugins.
Preloading 0 native plugins for Editor in 0.00 ms.
Initialize engine version: 2020.2.1f1 (270dd8c3da1c)
[Subsystems] Discovering subsystems at path C:/Program Files/Unity/Hub/Editor/2020.2.1f1/Editor/Data/Resources/UnitySubsystems
[Subsystems] Discovering subsystems at path C:/Users/BEAST/Documents/GitHub/Coco code/Assets
GfxDevice: creating device client; threaded=0
Direct3D:
    Version:  Direct3D 11.0 [level 11.1]
    Renderer: NVIDIA GeForce GTX 1070 (ID=0x1b81)
    Vendor:   
    VRAM:     8088 MB
    Driver:   27.21.14.6611
Initialize mono
Mono path[0] = 'C:/Program Files/Unity/Hub/Editor/2020.2.1f1/Editor/Data/Managed'
Mono path[1] = 'C:/Program Files/Unity/Hub/Editor/2020.2.1f1/Editor/Data/MonoBleedingEdge/lib/mono/unityjit'
Mono config path = 'C:/Program Files/Unity/Hub/Editor/2020.2.1f1/Editor/Data/MonoBleedingEdge/etc'
Using monoOptions --debugger-agent=transport=dt_socket,embedding=1,server=y,suspend=n,address=127.0.0.1:56072
Begin MonoManager ReloadAssembly
Registering precompiled unity dll's ...
Register platform support module: C:/Program Files/Unity/Hub/Editor/2020.2.1f1/Editor/Data/PlaybackEngines/WebGLSupport/UnityEditor.WebGL.Extensions.dll
Register platform support module: C:/Program Files/Unity/Hub/Editor/2020.2.1f1/Editor/Data/PlaybackEngines/WindowsStandaloneSupport/UnityEditor.WindowsStandalone.Extensions.dll
Registered in 0.002101 seconds.
Native extension for WindowsStandalone target not found
Native extension for WebGL target not found
Refreshing native plugins compatible for Editor in 21.61 ms, found 0 plugins.
Preloading 0 native plugins for Editor in 0.00 ms.
Invoked RoslynAnalysisRunner static constructor.
RoslynAnalysisRunner will not be running.
RoslynAnalysisRunner has terminated.
Mono: successfully reloaded assembly
- Completed reload, in  1.171 seconds
Platform modules already initialized, skipping
Registering precompiled user dll's ...
Registered in 0.000803 seconds.
Begin MonoManager ReloadAssembly
Native extension for WindowsStandalone target not found
Native extension for WebGL target not found
Refreshing native plugins compatible for Editor in 0.23 ms, found 0 plugins.
Preloading 0 native plugins for Editor in 0.00 ms.
Invoked RoslynAnalysisRunner static constructor.
RoslynAnalysisRunner will not be running.
RoslynAnalysisRunner has terminated.
Mono: successfully reloaded assembly
- Completed reload, in  0.936 seconds
Platform modules already initialized, skipping
========================================================================
Worker process is ready to serve import requests
Launched and connected shader compiler UnityShaderCompiler.exe after 0.04 seconds
Refreshing native plugins compatible for Editor in 0.47 ms, found 0 plugins.
Preloading 0 native plugins for Editor in 0.00 ms.
Unloading 1094 Unused Serialized files (Serialized files now loaded: 0)
System memory in use before: 56.3 MB.
System memory in use after: 56.3 MB.

Unloading 10 unused Assets to reduce memory usage. Loaded Objects now: 1535.
Total: 1.702500 ms (FindLiveObjects: 0.222700 ms CreateObjectMapping: 0.063600 ms MarkObjects: 1.354800 ms  DeleteObjects: 0.060300 ms)

========================================================================
Received Import Request.
  path: Assets/Coco Code Logo.fbx
  artifactKey: Guid(43d8a9bf422e8844bb2ef4c545343fae) Importer(815301076,1909f56bfc062723c751e8b465ee728b)
Start importing Assets/Coco Code Logo.fbx using Guid(43d8a9bf422e8844bb2ef4c545343fae) Importer(815301076,1909f56bfc062723c751e8b465ee728b)  -> (artifact id: 'f3060f3419e2144d139564dc0e8cf070') in 0.594312 seconds
  Import took 0.597433 seconds .

========================================================================
Received Import Request.
  Time since last request: 483.417007 seconds.
  path: Assets
  artifactKey: Guid(00000000000000001000000000000000) Importer(815301076,1909f56bfc062723c751e8b465ee728b)
Start importing Assets using Guid(00000000000000001000000000000000) Importer(815301076,1909f56bfc062723c751e8b465ee728b)  -> (artifact id: 'e1a2c4dac9df7c17871e19a3b74f0e9f') in 0.015172 seconds
  Import took 0.019020 seconds .

========================================================================
Received Import Request.
  Time since last request: 6.003031 seconds.
  path: Assets/New Material.mat
  artifactKey: Guid(753ef62c6b35419479c798666fd3781f) Importer(815301076,1909f56bfc062723c751e8b465ee728b)
Start importing Assets/New Material.mat using Guid(753ef62c6b35419479c798666fd3781f) Importer(815301076,1909f56bfc062723c751e8b465ee728b)  -> (artifact id: 'e95edae1b0d8be940243c2ba3e0fc365') in 0.020408 seconds
  Import took 0.023300 seconds .

========================================================================
Received Import Request.
  Time since last request: 17.343905 seconds.
  path: Assets/New Material 1.mat
  artifactKey: Guid(21c77da0eb9e8e94e80d5d3e5b66d8b9) Importer(815301076,1909f56bfc062723c751e8b465ee728b)
Start importing Assets/New Material 1.mat using Guid(21c77da0eb9e8e94e80d5d3e5b66d8b9) Importer(815301076,1909f56bfc062723c751e8b465ee728b)  -> (artifact id: '26176b7aeeaadd9ae4f252c8cea76a7a') in 0.013832 seconds
  Import took 0.015833 seconds .

========================================================================
Received Import Request.
  Time since last request: 22.304191 seconds.
  path: Assets/New Material 2.mat
  artifactKey: Guid(c09962f75e5cab741a841523ff29f9b0) Importer(815301076,1909f56bfc062723c751e8b465ee728b)
Start importing Assets/New Material 2.mat using Guid(c09962f75e5cab741a841523ff29f9b0) Importer(815301076,1909f56bfc062723c751e8b465ee728b)  -> (artifact id: 'b0b1909f01d6d5cfea67e0eb599cc495') in 0.014217 seconds
  Import took 0.016723 seconds .

========================================================================
Received Import Request.
  Time since last request: 29.325645 seconds.
  path: Assets/New Material 3.mat
  artifactKey: Guid(17bc86a383d91774591f6f00f4011fe0) Importer(815301076,1909f56bfc062723c751e8b465ee728b)
Start importing Assets/New Material 3.mat using Guid(17bc86a383d91774591f6f00f4011fe0) Importer(815301076,1909f56bfc062723c751e8b465ee728b)  -> (artifact id: '1c9b7d640a646656601991d7e15bc4cd') in 0.014594 seconds
  Import took 0.016575 seconds .

========================================================================
Received Import Request.
  Time since last request: 239.570309 seconds.
  path: Assets/Coco Code Logo3.fbx
  artifactKey: Guid(90faf89faa8a4f540858fd7e9c602967) Importer(815301076,1909f56bfc062723c751e8b465ee728b)
Start importing Assets/Coco Code Logo3.fbx using Guid(90faf89faa8a4f540858fd7e9c602967) Importer(815301076,1909f56bfc062723c751e8b465ee728b)  -> (artifact id: '3bcf645b4bd0620837c69b0b5f31baac') in 0.085045 seconds
  Import took 0.087405 seconds .

========================================================================
Received Prepare
Registering precompiled user dll's ...
Registered in 0.000697 seconds.
Begin MonoManager ReloadAssembly
Native extension for WindowsStandalone target not found
Native extension for WebGL target not found
Refreshing native plugins compatible for Editor in 0.20 ms, found 0 plugins.
Preloading 0 native plugins for Editor in 0.00 ms.
Invoked RoslynAnalysisRunner static constructor.
RoslynAnalysisRunner will not be running.
RoslynAnalysisRunner has terminated.
Mono: successfully reloaded assembly
- Completed reload, in  0.742 seconds
Platform modules already initialized, skipping
Refreshing native plugins compatible for Editor in 0.22 ms, found 0 plugins.
Preloading 0 native plugins for Editor in 0.00 ms.
Unloading 1089 Unused Serialized files (Serialized files now loaded: 0)
System memory in use before: 59.9 MB.
System memory in use after: 60.0 MB.

Unloading 5 unused Assets to reduce memory usage. Loaded Objects now: 1580.
Total: 1.924900 ms (FindLiveObjects: 0.135700 ms CreateObjectMapping: 0.032900 ms MarkObjects: 1.710500 ms  DeleteObjects: 0.044200 ms)

========================================================================
Received Import Request.
  Time since last request: 272.539877 seconds.
  path: Assets/New Material 1.mat
  artifactKey: Guid(21c77da0eb9e8e94e80d5d3e5b66d8b9) Importer(815301076,1909f56bfc062723c751e8b465ee728b)
Start importing Assets/New Material 1.mat using Guid(21c77da0eb9e8e94e80d5d3e5b66d8b9) Importer(815301076,1909f56bfc062723c751e8b465ee728b)  -> (artifact id: 'ee08d593c76ced25cccd38041281ed9f') in 0.055528 seconds
  Import took 0.057527 seconds .

========================================================================
Received Import Request.
  Time since last request: 0.000252 seconds.
  path: Assets/New Material 2.mat
  artifactKey: Guid(c09962f75e5cab741a841523ff29f9b0) Importer(815301076,1909f56bfc062723c751e8b465ee728b)
Start importing Assets/New Material 2.mat using Guid(c09962f75e5cab741a841523ff29f9b0) Importer(815301076,1909f56bfc062723c751e8b465ee728b)  -> (artifact id: 'd27f8473c427624c30801f4206b88de5') in 0.014120 seconds
  Import took 0.016111 seconds .

========================================================================
Received Import Request.
  Time since last request: 0.000208 seconds.
  path: Assets/New Material 3.mat
  artifactKey: Guid(17bc86a383d91774591f6f00f4011fe0) Importer(815301076,1909f56bfc062723c751e8b465ee728b)
Start importing Assets/New Material 3.mat using Guid(17bc86a383d91774591f6f00f4011fe0) Importer(815301076,1909f56bfc062723c751e8b465ee728b)  -> (artifact id: 'f83a0cbb1482a60a674754a9099aab94') in 0.016486 seconds
  Import took 0.018837 seconds .

========================================================================
Received Import Request.
  Time since last request: 0.000294 seconds.
  path: Assets/New Material.mat
  artifactKey: Guid(753ef62c6b35419479c798666fd3781f) Importer(815301076,1909f56bfc062723c751e8b465ee728b)
Start importing Assets/New Material.mat using Guid(753ef62c6b35419479c798666fd3781f) Importer(815301076,1909f56bfc062723c751e8b465ee728b)  -> (artifact id: '7d237a8c0dd9b51aff02733d66b3f0d5') in 0.013962 seconds
  Import took 0.017235 seconds .

========================================================================
Received Prepare
Registering precompiled user dll's ...
Registered in 0.000829 seconds.
Begin MonoManager ReloadAssembly
Native extension for WindowsStandalone target not found
Native extension for WebGL target not found
Refreshing native plugins compatible for Editor in 0.21 ms, found 0 plugins.
Preloading 0 native plugins for Editor in 0.00 ms.
Invoked RoslynAnalysisRunner static constructor.
RoslynAnalysisRunner will not be running.
RoslynAnalysisRunner has terminated.
Mono: successfully reloaded assembly
- Completed reload, in  0.773 seconds
Platform modules already initialized, skipping
Refreshing native plugins compatible for Editor in 0.48 ms, found 0 plugins.
Preloading 0 native plugins for Editor in 0.00 ms.
Unloading 1089 Unused Serialized files (Serialized files now loaded: 0)
System memory in use before: 60.1 MB.
System memory in use after: 60.1 MB.

Unloading 5 unused Assets to reduce memory usage. Loaded Objects now: 1583.
Total: 1.528000 ms (FindLiveObjects: 0.163200 ms CreateObjectMapping: 0.036000 ms MarkObjects: 1.281800 ms  DeleteObjects: 0.045500 ms)

========================================================================
Received Prepare
Registering precompiled user dll's ...
Registered in 0.001684 seconds.
Begin MonoManager ReloadAssembly
Native extension for WindowsStandalone target not found
Native extension for WebGL target not found
Refreshing native plugins compatible for Editor in 0.31 ms, found 3 plugins.
Preloading 0 native plugins for Editor in 0.00 ms.
Invoked RoslynAnalysisRunner static constructor.
RoslynAnalysisRunner will not be running.
RoslynAnalysisRunner has terminated.
Mono: successfully reloaded assembly
- Completed reload, in  0.755 seconds
Platform modules already initialized, skipping
Refreshing native plugins compatible for Editor in 0.39 ms, found 3 plugins.
Preloading 0 native plugins for Editor in 0.00 ms.
Unloading 1232 Unused Serialized files (Serialized files now loaded: 0)
System memory in use before: 64.4 MB.
System memory in use after: 64.3 MB.

Unloading 18 unused Assets to reduce memory usage. Loaded Objects now: 1715.
Total: 2.379100 ms (FindLiveObjects: 0.165100 ms CreateObjectMapping: 0.040200 ms MarkObjects: 1.984800 ms  DeleteObjects: 0.186500 ms)

========================================================================
Received Prepare
Registering precompiled user dll's ...
Registered in 0.001348 seconds.
Begin MonoManager ReloadAssembly
Native extension for WindowsStandalone target not found
Native extension for WebGL target not found
Refreshing native plugins compatible for Editor in 0.60 ms, found 3 plugins.
Preloading 0 native plugins for Editor in 0.00 ms.
Invoked RoslynAnalysisRunner static constructor.
RoslynAnalysisRunner will not be running.
RoslynAnalysisRunner has terminated.
Mono: successfully reloaded assembly
- Completed reload, in  0.824 seconds
Platform modules already initialized, skipping
Refreshing native plugins compatible for Editor in 0.34 ms, found 3 plugins.
Preloading 0 native plugins for Editor in 0.00 ms.
Unloading 1232 Unused Serialized files (Serialized files now loaded: 0)
System memory in use before: 64.5 MB.
System memory in use after: 64.4 MB.

Unloading 18 unused Assets to reduce memory usage. Loaded Objects now: 1717.
Total: 2.115600 ms (FindLiveObjects: 0.204900 ms CreateObjectMapping: 0.043900 ms MarkObjects: 1.715300 ms  DeleteObjects: 0.149700 ms)

========================================================================
Received Import Request.
  Time since last request: 4040.059132 seconds.
  path: Assets/Coco Code Logo5.fbx
  artifactKey: Guid(427034f02e5209e468b2e879ffe38ecd) Importer(815301076,1909f56bfc062723c751e8b465ee728b)
Start importing Assets/Coco Code Logo5.fbx using Guid(427034f02e5209e468b2e879ffe38ecd) Importer(815301076,1909f56bfc062723c751e8b465ee728b)  -> (artifact id: '63bf57c237411be24dc0d677809f012b') in 0.168996 seconds
  Import took 0.172753 seconds .

========================================================================
Received Prepare
Registering precompiled user dll's ...
Registered in 0.001408 seconds.
Begin MonoManager ReloadAssembly
Native extension for WindowsStandalone target not found
Native extension for WebGL target not found
Refreshing native plugins compatible for Editor in 0.29 ms, found 3 plugins.
Preloading 0 native plugins for Editor in 0.00 ms.
Invoked RoslynAnalysisRunner static constructor.
RoslynAnalysisRunner will not be running.
RoslynAnalysisRunner has terminated.
Mono: successfully reloaded assembly
- Completed reload, in  0.809 seconds
Platform modules already initialized, skipping
Refreshing native plugins compatible for Editor in 0.33 ms, found 3 plugins.
Preloading 0 native plugins for Editor in 0.00 ms.
Unloading 1232 Unused Serialized files (Serialized files now loaded: 0)
System memory in use before: 64.7 MB.
System memory in use after: 64.6 MB.

Unloading 18 unused Assets to reduce memory usage. Loaded Objects now: 1720.
Total: 1.849600 ms (FindLiveObjects: 0.220500 ms CreateObjectMapping: 0.044500 ms MarkObjects: 1.439000 ms  DeleteObjects: 0.143800 ms)

========================================================================
Received Import Request.
  Time since last request: 2329.563058 seconds.
  path: Assets/Coco Code Logo6.fbx
  artifactKey: Guid(be1f092c3cc3fff428575788bb195f43) Importer(815301076,1909f56bfc062723c751e8b465ee728b)
Start importing Assets/Coco Code Logo6.fbx using Guid(be1f092c3cc3fff428575788bb195f43) Importer(815301076,1909f56bfc062723c751e8b465ee728b)  -> (artifact id: 'a2adb5df93ec3b32cbac58bcd8d12fe2') in 0.193409 seconds
  Import took 0.196864 seconds .

========================================================================
Received Prepare
Registering precompiled user dll's ...
Registered in 0.002024 seconds.
Begin MonoManager ReloadAssembly
Native extension for WindowsStandalone target not found
Native extension for WebGL target not found
Refreshing native plugins compatible for Editor in 0.34 ms, found 3 plugins.
Preloading 0 native plugins for Editor in 0.00 ms.
Invoked RoslynAnalysisRunner static constructor.
RoslynAnalysisRunner will not be running.
RoslynAnalysisRunner has terminated.
Mono: successfully reloaded assembly
- Completed reload, in  0.889 seconds
Platform modules already initialized, skipping
Refreshing native plugins compatible for Editor in 0.34 ms, found 3 plugins.
Preloading 0 native plugins for Editor in 0.00 ms.
Unloading 1232 Unused Serialized files (Serialized files now loaded: 0)
System memory in use before: 64.9 MB.
System memory in use after: 64.8 MB.

Unloading 18 unused Assets to reduce memory usage. Loaded Objects now: 1723.
Total: 1.669300 ms (FindLiveObjects: 0.148200 ms CreateObjectMapping: 0.035800 ms MarkObjects: 1.354100 ms  DeleteObjects: 0.130200 ms)

AssetImportWorkerClient::OnTransportError - code=2 error=End of file
